[2023-03-16T07:32:19.655] [WARN] default - Ruta: /api/carrito/, metodo: GET no implemantada
[2023-03-16T07:33:12.458] [WARN] default - Ruta: /favicon.ico, metodo: GET no implemantada
[2023-03-16T07:33:50.718] [WARN] default - Ruta: /api/carrito/, metodo: GET no implemantada
[2023-03-16T07:34:46.516] [WARN] default - Ruta: /favicon.ico, metodo: GET no implemantada
[2023-03-16T07:34:49.330] [WARN] default - No hay usuario logeado
[2023-03-16T07:34:49.355] [WARN] default - Ruta: /favicon.ico, metodo: GET no implemantada
[2023-03-16T07:34:55.416] [WARN] default - No hay usuario logeado
[2023-03-16T07:34:55.438] [WARN] default - Ruta: /favicon.ico, metodo: GET no implemantada
[2023-03-23T10:36:47.708] [WARN] default - No hay usuario logeado
[2023-03-23T10:36:47.740] [WARN] default - Ruta: /favicon.ico, metodo: GET no implemantada
[2023-03-31T11:20:54.532] [WARN] default - No hay usuario logeado
[2023-03-31T11:20:54.540] [WARN] default - Ruta: /favicon.ico, metodo: GET no implemantada
[2023-03-31T11:21:40.572] [WARN] default - No hay usuario logeado
[2023-03-31T11:21:40.603] [WARN] default - Ruta: /favicon.ico, metodo: GET no implemantada
[2023-03-31T11:42:37.405] [WARN] default - No hay usuario logeado
[2023-03-31T11:42:37.887] [WARN] default - Ruta: /favicon.ico, metodo: GET no implemantada
[2023-04-03T10:03:20.333] [WARN] default - No hay usuario logeado
[2023-04-03T10:03:20.372] [WARN] default - Ruta: /favicon.ico, metodo: GET no implemantada
[2023-04-03T10:03:25.874] [WARN] default - Ruta: /favicon.ico, metodo: GET no implemantada
[2023-04-05T11:41:47.764] [WARN] default - No hay usuario logeado
[2023-04-05T11:41:47.801] [WARN] default - Ruta: /favicon.ico, metodo: GET no implemantada
[2023-04-05T11:42:16.435] [WARN] default - No hay usuario logeado
[2023-04-05T11:42:16.906] [WARN] default - Ruta: /favicon.ico, metodo: GET no implemantada
[2023-04-05T11:46:33.312] [WARN] default - No hay usuario logeado
[2023-04-05T11:46:33.781] [WARN] default - Ruta: /favicon.ico, metodo: GET no implemantada
[2023-04-05T12:48:06.676] [WARN] default - Ruta: /543, metodo: GET no implemantada
[2023-04-05T12:50:07.062] [WARN] default - No hay usuario logeado
[2023-04-05T12:50:07.084] [WARN] default - Ruta: /favicon.ico, metodo: GET no implemantada
[2023-04-05T12:50:18.067] [WARN] default - Ruta: /543, metodo: GET no implemantada
[2023-04-05T12:50:24.797] [WARN] default - Ruta: /543, metodo: GET no implemantada
[2023-04-05T12:51:18.681] [WARN] default - Ruta: /favicon.ico, metodo: GET no implemantada
[2023-04-05T12:51:28.669] [WARN] default - No hay usuario logeado
[2023-04-05T12:51:28.688] [WARN] default - Ruta: /favicon.ico, metodo: GET no implemantada
[2023-04-05T12:51:38.112] [WARN] default - Ruta: /543, metodo: GET no implemantada
[2023-04-05T12:52:07.520] [WARN] default - Ruta: /favicon.ico, metodo: GET no implemantada
[2023-04-05T12:52:17.930] [WARN] default - Ruta: /favicon.ico, metodo: GET no implemantada
[2023-04-05T12:52:22.609] [WARN] default - No hay usuario logeado
[2023-04-05T12:52:22.629] [WARN] default - Ruta: /favicon.ico, metodo: GET no implemantada
[2023-04-05T12:52:33.402] [WARN] default - Ruta: /543, metodo: GET no implemantada
[2023-04-05T12:52:40.199] [WARN] default - Ruta: /543, metodo: GET no implemantada
[2023-04-05T12:52:40.200] [WARN] default - Ruta: /653, metodo: GET no implemantada
[2023-04-05T12:54:49.169] [WARN] default - Ruta: /favicon.ico, metodo: GET no implemantada
[2023-04-05T12:55:29.866] [WARN] default - Ruta: /favicon.ico, metodo: GET no implemantada
[2023-04-05T12:55:51.672] [WARN] default - No hay usuario logeado
[2023-04-05T12:55:51.706] [WARN] default - Ruta: /favicon.ico, metodo: GET no implemantada
[2023-04-05T12:55:59.820] [WARN] default - Ruta: /653, metodo: GET no implemantada
[2023-04-05T12:55:59.833] [WARN] default - Ruta: /543, metodo: GET no implemantada
[2023-04-05T12:56:06.964] [WARN] default - Ruta: /6546, metodo: GET no implemantada
[2023-04-05T12:56:06.967] [WARN] default - Ruta: /543, metodo: GET no implemantada
[2023-04-05T12:56:07.251] [WARN] default - Ruta: /653, metodo: GET no implemantada
[2023-04-05T12:59:42.391] [WARN] default - Ruta: /favicon.ico, metodo: GET no implemantada
[2023-04-05T13:00:01.251] [WARN] default - Ruta: /favicon.ico, metodo: GET no implemantada
[2023-04-05T13:01:02.799] [WARN] default - Ruta: /favicon.ico, metodo: GET no implemantada
[2023-04-05T13:01:06.281] [WARN] default - No hay usuario logeado
[2023-04-05T13:01:06.301] [WARN] default - Ruta: /favicon.ico, metodo: GET no implemantada
[2023-04-05T13:01:14.374] [WARN] default - Ruta: /653, metodo: GET no implemantada
[2023-04-05T13:01:14.376] [WARN] default - Ruta: /543, metodo: GET no implemantada
[2023-04-05T13:01:14.609] [WARN] default - Ruta: /6546, metodo: GET no implemantada
[2023-04-05T13:01:21.154] [WARN] default - Ruta: /6546, metodo: GET no implemantada
[2023-04-05T13:01:21.156] [WARN] default - Ruta: /653, metodo: GET no implemantada
[2023-04-05T13:01:21.158] [WARN] default - Ruta: /543, metodo: GET no implemantada
[2023-04-05T13:01:40.925] [WARN] default - Ruta: /653, metodo: GET no implemantada
[2023-04-05T13:01:40.927] [WARN] default - Ruta: /6546, metodo: GET no implemantada
[2023-04-05T13:01:40.929] [WARN] default - Ruta: /543, metodo: GET no implemantada
[2023-04-05T13:02:19.623] [WARN] default - Ruta: /6546, metodo: GET no implemantada
[2023-04-05T13:02:19.626] [WARN] default - Ruta: /543, metodo: GET no implemantada
[2023-04-05T13:02:19.628] [WARN] default - Ruta: /653, metodo: GET no implemantada
[2023-04-05T13:04:35.471] [WARN] default - Ruta: /543, metodo: GET no implemantada
[2023-04-05T13:04:35.473] [WARN] default - Ruta: /6546, metodo: GET no implemantada
[2023-04-05T13:04:35.477] [WARN] default - Ruta: /653, metodo: GET no implemantada
[2023-04-05T13:05:08.289] [WARN] default - Ruta: /favicon.ico, metodo: GET no implemantada
[2023-04-05T13:08:36.735] [WARN] default - Ruta: /favicon.ico, metodo: GET no implemantada
[2023-04-05T13:12:32.827] [WARN] default - No hay usuario logeado
[2023-04-05T13:12:32.857] [WARN] default - Ruta: /favicon.ico, metodo: GET no implemantada
[2023-04-05T13:13:02.305] [WARN] default - No hay usuario logeado
[2023-04-05T13:13:02.375] [WARN] default - Ruta: /favicon.ico, metodo: GET no implemantada
[2023-04-05T13:13:13.899] [WARN] default - Ruta: /543, metodo: GET no implemantada
[2023-04-05T13:13:13.904] [WARN] default - Ruta: /653, metodo: GET no implemantada
[2023-04-05T13:13:13.918] [WARN] default - Ruta: /6546, metodo: GET no implemantada
[2023-04-05T13:13:27.497] [WARN] default - Ruta: /543, metodo: GET no implemantada
[2023-04-05T13:13:27.721] [WARN] default - Ruta: /653, metodo: GET no implemantada
[2023-04-05T13:13:27.731] [WARN] default - Ruta: /6546, metodo: GET no implemantada
[2023-04-05T13:13:47.050] [WARN] default - Ruta: /653, metodo: GET no implemantada
[2023-04-05T13:13:47.052] [WARN] default - Ruta: /543, metodo: GET no implemantada
[2023-04-05T13:13:47.055] [WARN] default - Ruta: /6546, metodo: GET no implemantada
[2023-04-05T13:13:56.704] [WARN] default - Ruta: /653, metodo: GET no implemantada
[2023-04-05T13:13:56.706] [WARN] default - Ruta: /6546, metodo: GET no implemantada
[2023-04-05T13:13:56.708] [WARN] default - Ruta: /543, metodo: GET no implemantada
[2023-04-05T13:14:21.330] [WARN] default - Ruta: /653, metodo: GET no implemantada
[2023-04-05T13:14:21.332] [WARN] default - Ruta: /6546, metodo: GET no implemantada
[2023-04-05T13:14:21.334] [WARN] default - Ruta: /543, metodo: GET no implemantada
[2023-04-05T13:17:42.420] [WARN] default - Ruta: /653, metodo: GET no implemantada
[2023-04-05T13:17:42.422] [WARN] default - Ruta: /6546, metodo: GET no implemantada
[2023-04-05T13:17:42.423] [WARN] default - Ruta: /543, metodo: GET no implemantada
[2023-04-05T13:20:56.724] [WARN] default - Ruta: /favicon.ico, metodo: GET no implemantada
[2023-04-05T13:22:00.569] [WARN] default - No hay usuario logeado
[2023-04-05T13:22:00.588] [WARN] default - Ruta: /favicon.ico, metodo: GET no implemantada
[2023-04-05T13:55:16.737] [WARN] default - No hay usuario logeado
[2023-04-05T13:55:16.813] [WARN] default - Ruta: /favicon.ico, metodo: GET no implemantada
[2023-04-10T09:17:17.555] [WARN] default - No hay usuario logeado
[2023-04-10T09:17:17.584] [WARN] default - Ruta: /favicon.ico, metodo: GET no implemantada
[2023-04-10T09:21:39.661] [WARN] default - No hay usuario logeado
[2023-04-10T09:21:39.681] [WARN] default - Ruta: /favicon.ico, metodo: GET no implemantada
[2023-04-10T09:22:13.362] [WARN] default - No hay usuario logeado
[2023-04-10T09:22:13.866] [WARN] default - Ruta: /favicon.ico, metodo: GET no implemantada
[2023-04-10T09:22:20.011] [WARN] default - No hay usuario logeado
[2023-04-10T09:22:20.032] [WARN] default - Ruta: /favicon.ico, metodo: GET no implemantada
[2023-04-10T09:25:40.629] [WARN] default - No hay usuario logeado
[2023-04-10T09:44:00.900] [WARN] default - No hay usuario logeado
[2023-04-10T09:44:03.466] [WARN] default - Ruta: /favicon.ico, metodo: GET no implemantada
[2023-04-10T09:44:56.452] [WARN] default - No hay usuario logeado
[2023-04-10T09:45:04.078] [WARN] default - No hay usuario logeado
[2023-04-10T09:45:22.642] [WARN] default - No hay usuario logeado
[2023-04-10T09:45:27.686] [WARN] default - No hay usuario logeado
[2023-04-10T09:45:30.173] [WARN] default - No hay usuario logeado
[2023-04-10T10:56:52.983] [WARN] default - No hay usuario logeado
[2023-04-10T10:56:56.574] [WARN] default - Ruta: /favicon.ico, metodo: GET no implemantada
[2023-04-10T11:00:41.739] [WARN] default - Ruta: /favicon.ico, metodo: GET no implemantada
[2023-04-10T11:06:45.818] [WARN] default - No hay usuario logeado
[2023-04-10T11:06:48.259] [WARN] default - Ruta: /favicon.ico, metodo: GET no implemantada
[2023-04-10T11:08:38.360] [WARN] default - No hay usuario logeado
[2023-04-12T09:55:15.640] [WARN] default - No hay usuario logeado
[2023-04-12T10:25:41.564] [WARN] default - No hay usuario logeado
[2023-04-12T10:26:08.086] [WARN] default - No hay usuario logeado
[2023-04-12T10:26:14.496] [WARN] default - No hay usuario logeado
[2023-04-12T10:26:21.864] [WARN] default - No hay usuario logeado
[2023-04-12T11:12:04.326] [WARN] default - No hay usuario logeado
[2023-04-12T11:12:13.591] [WARN] default - No hay usuario logeado
[2023-04-12T11:12:19.576] [WARN] default - Ruta: /register.html, metodo: GET no implemantada
[2023-04-12T11:12:19.661] [WARN] default - Ruta: /favicon.ico, metodo: GET no implemantada
[2023-04-12T11:12:56.278] [WARN] default - No hay usuario logeado
[2023-04-12T11:15:59.306] [WARN] default - No hay usuario logeado
[2023-04-12T11:17:04.515] [WARN] default - No hay usuario logeado
[2023-04-12T11:25:30.793] [WARN] default - No hay usuario logeado
[2023-04-12T11:25:59.478] [WARN] default - No hay usuario logeado
[2023-04-12T11:26:27.130] [WARN] default - No hay usuario logeado
[2023-04-12T11:27:20.826] [WARN] default - Ruta: /favicon.ico, metodo: GET no implemantada
[2023-04-12T11:27:23.356] [WARN] default - No hay usuario logeado
[2023-04-12T11:27:45.785] [WARN] default - No hay usuario logeado
[2023-04-12T11:27:59.094] [WARN] default - No hay usuario logeado
[2023-04-12T11:32:28.238] [WARN] default - No hay usuario logeado
[2023-04-12T11:33:03.409] [WARN] default - No hay usuario logeado
[2023-04-12T11:34:50.654] [WARN] default - No hay usuario logeado
[2023-04-12T11:35:08.556] [WARN] default - No hay usuario logeado
[2023-04-12T11:35:34.751] [WARN] default - No hay usuario logeado
[2023-04-12T11:44:13.841] [WARN] default - No hay usuario logeado
[2023-04-12T11:46:53.256] [WARN] default - No hay usuario logeado
[2023-04-12T11:46:55.341] [WARN] default - No hay usuario logeado
[2023-04-12T12:54:32.275] [WARN] default - No hay usuario logeado
[2023-04-12T12:54:50.449] [WARN] default - No hay usuario logeado
[2023-04-12T13:22:58.007] [WARN] default - No hay usuario logeado
[2023-04-12T13:24:37.736] [WARN] default - No hay usuario logeado
[2023-04-12T13:24:58.106] [WARN] default - No hay usuario logeado
[2023-04-12T13:47:58.188] [WARN] default - No hay usuario logeado
[2023-04-12T13:49:47.885] [WARN] default - No hay usuario logeado
[2023-04-12T13:50:28.671] [WARN] default - No hay usuario logeado
[2023-04-12T13:53:15.604] [WARN] default - No hay usuario logeado
[2023-04-12T13:54:47.685] [WARN] default - No hay usuario logeado
[2023-04-12T13:56:39.678] [WARN] default - No hay usuario logeado
[2023-04-12T13:56:42.522] [WARN] default - No hay usuario logeado
[2023-04-12T14:00:27.780] [WARN] default - No hay usuario logeado
[2023-04-12T14:00:29.715] [WARN] default - No hay usuario logeado
[2023-04-12T14:10:09.784] [WARN] default - Ruta: /52345.jpg, metodo: GET no implemantada
[2023-04-12T14:11:04.850] [WARN] default - No hay usuario logeado
[2023-04-13T09:28:35.843] [WARN] default - No hay usuario logeado
[2023-04-13T09:29:52.414] [WARN] default - No hay usuario logeado
[2023-04-13T09:30:23.568] [WARN] default - No hay usuario logeado
[2023-04-13T09:31:39.083] [WARN] default - Ruta: /5254.jpg, metodo: GET no implemantada
[2023-04-13T09:31:58.347] [WARN] default - Ruta: /5254.jpg, metodo: GET no implemantada
[2023-04-13T09:31:58.788] [WARN] default - Ruta: /54235.jpg, metodo: GET no implemantada
[2023-04-13T09:32:40.988] [WARN] default - Ruta: /5254.jpg, metodo: GET no implemantada
[2023-04-13T09:32:40.990] [WARN] default - Ruta: /54235.jpg, metodo: GET no implemantada
[2023-04-13T09:32:42.032] [WARN] default - Ruta: /7467645.jpg, metodo: GET no implemantada
[2023-04-13T09:34:22.272] [WARN] default - Ruta: /67467.jpg, metodo: GET no implemantada
[2023-04-13T09:34:41.656] [WARN] default - Ruta: /67467.jpg, metodo: GET no implemantada
[2023-04-13T09:34:41.949] [WARN] default - Ruta: /54235243543542353425234.jpg, metodo: GET no implemantada
[2023-04-13T09:38:56.519] [WARN] default - Ruta: /7467.jpg, metodo: GET no implemantada
[2023-04-13T09:42:47.940] [WARN] default - No hay usuario logeado
[2023-04-13T09:43:07.798] [WARN] default - Ruta: /75675674.jpg, metodo: GET no implemantada
[2023-04-13T09:45:39.411] [WARN] default - Ruta: /65636.jpg, metodo: GET no implemantada
[2023-04-14T09:38:31.349] [WARN] default - No hay usuario logeado
[2023-04-14T09:57:38.441] [WARN] default - No hay usuario logeado
[2023-04-14T09:58:56.389] [WARN] default - Ruta: /favicon.ico, metodo: GET no implemantada
[2023-04-14T09:59:17.949] [WARN] default - No hay usuario logeado
[2023-04-14T10:02:59.089] [WARN] default - Ruta: /favicon.ico, metodo: GET no implemantada
[2023-04-14T10:10:47.973] [WARN] default - No hay usuario logeado
[2023-04-14T10:10:50.102] [WARN] default - Ruta: /favicon.ico, metodo: GET no implemantada
[2023-04-14T10:12:45.797] [WARN] default - No hay usuario logeado
[2023-04-14T10:12:48.981] [WARN] default - Ruta: /favicon.ico, metodo: GET no implemantada
[2023-04-14T10:14:34.317] [WARN] default - No hay usuario logeado
[2023-04-14T10:14:45.225] [WARN] default - Ruta: /favicon.ico, metodo: GET no implemantada
[2023-04-14T10:15:56.455] [WARN] default - No hay usuario logeado
[2023-04-14T10:16:01.394] [WARN] default - Ruta: /favicon.ico, metodo: GET no implemantada
[2023-04-14T10:17:17.354] [WARN] default - No hay usuario logeado
[2023-04-14T10:17:19.429] [WARN] default - Ruta: /favicon.ico, metodo: GET no implemantada
[2023-04-14T10:17:36.780] [WARN] default - No hay usuario logeado
[2023-04-14T10:18:58.382] [WARN] default - No hay usuario logeado
[2023-04-14T10:19:00.997] [WARN] default - Ruta: /favicon.ico, metodo: GET no implemantada
[2023-04-14T10:19:29.578] [WARN] default - No hay usuario logeado
[2023-04-14T10:20:48.368] [WARN] default - No hay usuario logeado
[2023-04-14T10:20:51.127] [WARN] default - Ruta: /favicon.ico, metodo: GET no implemantada
[2023-04-14T10:21:06.068] [WARN] default - No hay usuario logeado
[2023-04-14T10:21:07.214] [WARN] default - Ruta: /favicon.ico, metodo: GET no implemantada
[2023-04-14T10:21:34.066] [WARN] default - No hay usuario logeado
[2023-04-14T10:21:37.203] [WARN] default - Ruta: /favicon.ico, metodo: GET no implemantada
[2023-04-14T10:23:34.631] [WARN] default - No hay usuario logeado
[2023-04-14T10:23:50.604] [WARN] default - Ruta: /favicon.ico, metodo: GET no implemantada
[2023-04-14T10:24:08.166] [WARN] default - No hay usuario logeado
[2023-04-14T10:24:10.335] [WARN] default - Ruta: /favicon.ico, metodo: GET no implemantada
[2023-04-14T10:24:43.057] [WARN] default - No hay usuario logeado
[2023-04-14T10:30:30.911] [WARN] default - No hay usuario logeado
[2023-04-14T10:30:40.928] [WARN] default - Ruta: /favicon.ico, metodo: GET no implemantada
[2023-04-14T10:31:00.501] [WARN] default - No hay usuario logeado
[2023-04-14T10:31:16.496] [WARN] default - No hay usuario logeado
[2023-04-14T10:31:24.505] [WARN] default - Ruta: /favicon.ico, metodo: GET no implemantada
[2023-04-14T10:31:27.336] [WARN] default - No hay usuario logeado
[2023-04-17T10:15:34.681] [WARN] default - No hay usuario logeado
[2023-04-17T10:16:17.596] [WARN] default - Ruta: /hgjg, metodo: GET no implemantada
[2023-04-17T10:16:27.137] [WARN] default - Ruta: /hgjg, metodo: GET no implemantada
[2023-04-17T10:16:42.022] [WARN] default - Ruta: /hgjg, metodo: GET no implemantada
[2023-04-17T10:16:50.175] [WARN] default - No hay usuario logeado
[2023-04-17T10:16:50.229] [WARN] default - Ruta: /hgjg, metodo: GET no implemantada
[2023-04-17T10:17:19.204] [WARN] default - Ruta: /hgjg, metodo: GET no implemantada
[2023-04-17T10:17:19.206] [WARN] default - Ruta: /iuy, metodo: GET no implemantada
[2023-04-17T10:17:19.210] [WARN] default - Ruta: /hgjg, metodo: GET no implemantada
[2023-04-17T10:17:19.212] [WARN] default - Ruta: /iuy, metodo: GET no implemantada
[2023-04-19T12:05:18.386] [WARN] default - No hay usuario logeado
[2023-04-25T08:50:16.614] [WARN] default - No hay usuario logeado
[2023-04-25T08:51:12.820] [WARN] default - No hay usuario logeado
[2023-04-25T08:51:20.469] [WARN] default - No hay usuario logeado
[2023-04-25T08:52:08.750] [WARN] default - No hay usuario logeado
[2023-04-25T08:53:01.664] [WARN] default - Ruta: /favicon.ico, metodo: GET no implemantada
[2023-05-05T10:17:06.643] [WARN] default - No hay usuario logeado
[2023-05-05T10:32:00.763] [WARN] default - No hay usuario logeado
[2023-05-05T10:32:58.697] [WARN] default - Ruta: /432, metodo: GET no implemantada
[2023-05-05T10:33:10.059] [WARN] default - Ruta: /432, metodo: GET no implemantada
[2023-05-05T10:37:37.701] [WARN] default - Ruta: /432, metodo: GET no implemantada
[2023-05-05T10:41:33.863] [WARN] default - No hay usuario logeado
[2023-05-05T10:41:33.972] [WARN] default - Ruta: /432, metodo: GET no implemantada
[2023-05-05T10:53:43.160] [WARN] default - Ruta: /favicon.ico, metodo: GET no implemantada
[2023-05-05T10:53:47.667] [WARN] default - No hay usuario logeado
[2023-05-05T10:53:47.768] [WARN] default - Ruta: /432, metodo: GET no implemantada
[2023-05-05T10:54:15.425] [WARN] default - Ruta: /432, metodo: GET no implemantada
[2023-05-05T10:55:27.062] [WARN] default - Ruta: /432, metodo: GET no implemantada
[2023-05-05T10:55:27.714] [WARN] default - Ruta: /432, metodo: GET no implemantada
[2023-05-05T10:55:31.704] [WARN] default - No hay usuario logeado
[2023-05-05T10:55:31.799] [WARN] default - Ruta: /432, metodo: GET no implemantada
[2023-05-05T10:55:52.708] [WARN] default - No hay usuario logeado
[2023-05-05T10:55:52.812] [WARN] default - Ruta: /432, metodo: GET no implemantada
[2023-05-05T10:56:48.915] [WARN] default - Ruta: /432, metodo: GET no implemantada
[2023-05-05T10:57:21.789] [WARN] default - No hay usuario logeado
[2023-05-05T10:57:21.891] [WARN] default - Ruta: /432, metodo: GET no implemantada
[2023-05-05T10:57:24.375] [WARN] default - No hay usuario logeado
[2023-05-05T10:57:24.472] [WARN] default - Ruta: /432, metodo: GET no implemantada
[2023-05-05T11:09:03.673] [WARN] default - Ruta: /432, metodo: GET no implemantada
[2023-05-05T11:11:45.154] [WARN] default - Ruta /productos/c4f03541-0317-4753-af74 , metodo DELETE no autorizado
[2023-05-05T11:13:01.107] [WARN] default - Ruta: /432, metodo: GET no implemantada
[2023-05-05T11:13:34.776] [WARN] default - Metodo PUT no autorizado
[2023-05-05T11:14:07.650] [WARN] default - Metodo POST no autorizado
[2023-05-05T11:15:00.042] [WARN] default - Metodo POST no autorizado
[2023-05-05T11:15:14.274] [WARN] default - Ruta: /432, metodo: GET no implemantada
[2023-05-05T11:16:16.517] [WARN] default - Ruta: /432, metodo: GET no implemantada
[2023-05-05T11:18:40.182] [WARN] default - Ruta: /432, metodo: GET no implemantada
[2023-05-05T11:19:00.835] [WARN] default - Ruta: /favicon.ico, metodo: GET no implemantada
[2023-05-05T11:19:21.227] [WARN] default - Ruta: /432, metodo: GET no implemantada
[2023-05-05T11:19:28.124] [WARN] default - Ruta: /432, metodo: GET no implemantada
[2023-05-05T11:30:00.239] [WARN] default - Ruta: /432, metodo: GET no implemantada
[2023-05-05T11:30:05.319] [WARN] default - Ruta: /432, metodo: GET no implemantada
[2023-05-05T11:30:10.265] [WARN] default - Ruta: /432, metodo: GET no implemantada
[2023-05-05T12:00:27.829] [WARN] default - Ruta: /432, metodo: GET no implemantada
[2023-05-05T12:00:30.315] [WARN] default - Ruta: /js/googleauth.js, metodo: GET no implemantada
[2023-05-05T12:06:36.516] [WARN] default - Ruta: /js/googleauth.js, metodo: GET no implemantada
[2023-05-05T12:06:50.495] [WARN] default - Ruta: /js/googleauth.js, metodo: GET no implemantada
[2023-05-05T12:08:24.973] [WARN] default - Ruta: /js/googleauth.js, metodo: GET no implemantada
[2023-05-08T10:24:05.726] [WARN] default - No se ha encontrado el usuario arnaldo@andre.com
[2023-05-08T10:35:02.175] [WARN] default - No se ha encontrado el usuario arnaldo@andre.com
[2023-05-08T10:42:09.382] [WARN] default - No se ha encontrado el usuario arnaldo@andre.com
[2023-05-08T11:09:02.527] [WARN] default - Ruta: /undefined, metodo: GET no implemantada
[2023-05-08T11:09:30.241] [WARN] default - Ruta: /undefined, metodo: GET no implemantada
[2023-05-08T13:10:23.547] [WARN] default - Ruta: /api/carrito/arnaldo@andre.com, metodo: GET no implemantada
[2023-05-08T13:10:49.612] [WARN] default - Ruta: /api/carrito/arnaldo@andre.com, metodo: GET no implemantada

[2023-05-08T20:19:44.108] [WARN] default - Ruta: /api/carrito/arnaldo@andre.com, metodo: GET no implemantada
[2023-05-08T20:20:58.571] [WARN] default - Ruta: /api/carrito/arnaldo@andre.com, metodo: GET no implemantada
[2023-05-08T20:21:12.867] [WARN] default - Error: ReferenceError: getCartController is not defined al intentar recuperar el carrito.
[2023-05-08T20:21:45.368] [WARN] default - Error: TypeError: Cannot read properties of undefined (reading 'username') al intentar recuperar el carrito.
[2023-05-08T20:22:21.795] [WARN] default - Error: TypeError: Cannot read properties of undefined (reading 'username') al intentar recuperar el carrito.
[2023-05-08T20:23:23.730] [WARN] default - Error: TypeError: Cannot read properties of undefined (reading 'username') al intentar recuperar el carrito.
[2023-05-08T20:23:57.152] [WARN] default - Error: TypeError: Cannot read properties of undefined (reading 'username') al intentar recuperar el carrito.
[2023-05-08T20:30:14.275] [WARN] default - Error: TypeError: Cannot read properties of undefined (reading 'username') al intentar agregar el producto al carrito.
[2023-05-08T20:30:15.104] [WARN] default - Error: TypeError: Cannot read properties of undefined (reading 'username') al intentar agregar el producto al carrito.
[2023-05-08T20:31:22.955] [WARN] default - Error: TypeError: Cannot read properties of undefined (reading 'username') al intentar agregar el producto al carrito.
[2023-05-08T20:32:58.776] [WARN] default - Error: TypeError: Cannot read properties of undefined (reading 'username') al intentar agregar el producto al carrito.
[2023-05-08T20:40:27.487] [WARN] default - Metodo POST no autorizado
[2023-05-08T20:42:55.346] [WARN] default - Error: TypeError: cartModel.insert is not a function al intentar agregar el producto al carrito.
[2023-05-08T20:56:45.626] [WARN] default - Error: ValidationError: sendaddress: Path `sendaddress` is required. al intentar agregar el producto al carrito.
[2023-05-08T20:56:46.444] [WARN] default - Error: ValidationError: sendaddress: Path `sendaddress` is required. al intentar agregar el producto al carrito.
[2023-05-08T20:56:46.782] [WARN] default - Error: ValidationError: sendaddress: Path `sendaddress` is required. al intentar agregar el producto al carrito.
[2023-05-08T20:56:48.340] [WARN] default - Error: ValidationError: sendaddress: Path `sendaddress` is required. al intentar agregar el producto al carrito.
[2023-05-08T21:05:43.925] [WARN] default - Error: TypeError: cartModel.insertOne is not a function al intentar agregar el producto al carrito.
[2023-05-08T21:05:44.975] [WARN] default - Error: TypeError: cartModel.insertOne is not a function al intentar agregar el producto al carrito.
[2023-05-09T09:02:21.811] [WARN] default - Ruta: /api/carrito/compra/gustavo@fring.com, metodo: GET no implemantada
[2023-05-09T09:03:03.885] [WARN] default - Ruta: /api/carrito/compra/gustavo@fring.com, metodo: GET no implemantada
[2023-05-09T09:03:23.812] [WARN] default - Ruta: /api/carrito/compra/gustavo@fring.com, metodo: GET no implemantada
[2023-05-09T10:23:21.516] [WARN] default - Error: ReferenceError: newOrderController is not defined al intentar crear el pedido.
[2023-05-09T10:24:53.070] [WARN] default - Error: TypeError: Cannot read properties of undefined (reading 'username') al intentar crear el pedido.
[2023-05-09T10:46:03.099] [WARN] default - Error: CastError: Cast to date failed for value "[Function: now]" (type function) at path "timestamp" al intentar borrar el carrito.
[2023-05-09T10:49:40.492] [WARN] default - Error: ReferenceError: getTimestamp is not defined al intentar borrar el carrito.
[2023-05-09T10:50:00.669] [WARN] default - Error: ReferenceError: getTime is not defined al intentar borrar el carrito.
[2023-05-09T10:50:31.930] [WARN] default - Error: TypeError: Date(...).getTime is not a function al intentar borrar el carrito.
[2023-05-09T11:19:13.765] [WARN] default - Metodo GET no autorizado
[2023-05-09T11:19:37.573] [WARN] default - Metodo GET no autorizado
[2023-05-09T11:30:01.366] [WARN] default - Metodo GET no autorizado
[2023-05-09T21:14:51.107] [WARN] default - Metodo GET no autorizado
[2023-05-09T21:15:03.734] [WARN] default - Metodo GET no autorizado
[2023-05-09T21:16:17.264] [WARN] default - Ruta: /api/carritoio, metodo: GET no implemantada
[2023-05-09T21:16:24.320] [WARN] default - Metodo GET no autorizado
[2023-05-09T21:21:25.320] [WARN] default - Producto id: 63d288723314fbc76e3c31fa5 no encontrado
[2023-05-10T15:58:52.171] [WARN] default - Producto id: 64087a723fbf2aa4617905a14 no encontrado
[2023-05-10T16:02:30.410] [WARN] default - Error: CastError: Cast to ObjectId failed for value "64087a723fbf2aa4617905a14" (type string) at path "_id" for model "Product" al intentar recuperar el producto.
[2023-05-10T16:02:30.412] [WARN] default - Producto id: 64087a723fbf2aa4617905a14 no encontrado
[2023-05-10T16:11:06.821] [WARN] default - Ruta: /favicon.ico, metodo: GET no implemantada
[2023-05-10T16:11:47.985] [WARN] default - Ruta: /favicon.ico, metodo: GET no implemantada
[2023-05-11T10:50:40.755] [WARN] default - Error: ReferenceError: adminmail is not defined al intentar crear el pedido.
[2023-05-11T12:01:47.395] [WARN] default - Ruta: /favicon.ico, metodo: GET no implemantada
[2023-05-11T12:02:01.391] [WARN] default - Ruta: /favicon.ico, metodo: GET no implemantada
[2023-05-11T12:03:29.663] [WARN] default - Ruta: /favicon.ico, metodo: GET no implemantada
[2023-05-11T12:03:36.672] [WARN] default - Ruta: /favicon.ico, metodo: GET no implemantada
[2023-05-11T12:03:58.897] [WARN] default - Ruta: /favicon.ico, metodo: GET no implemantada
[2023-05-11T12:49:58.361] [WARN] default - Ruta: /favicon.ico, metodo: GET no implemantada
[2023-05-11T12:53:29.223] [WARN] default - Ruta: /public/images/favicon.ico, metodo: GET no implemantada
[2023-05-11T12:55:08.557] [WARN] default - Ruta: /favicon.ico, metodo: GET no implemantada
[2023-05-11T12:55:38.730] [WARN] default - Ruta: /favicon.ico, metodo: GET no implemantada
[2023-05-11T13:05:48.954] [WARN] default - Ruta: /images/favicon.ico, metodo: GET no implemantada
[2023-05-11T13:06:31.094] [WARN] default - Ruta: /images/favicon.ico, metodo: GET no implemantada
[2023-05-11T13:10:46.993] [WARN] default - Ruta: /images/favicon.ico, metodo: GET no implemantada
[2023-05-11T13:11:36.742] [WARN] default - Ruta: /images/favicon.ico, metodo: GET no implemantada
[2023-05-11T13:17:23.251] [WARN] default - Ruta: /images/favicon.ico, metodo: GET no implemantada
[2023-05-11T13:21:03.372] [WARN] default - Ruta: /images/favicon.ico, metodo: GET no implemantada
[2023-05-11T13:22:15.422] [WARN] default - Ruta: /favicon.ico, metodo: GET no implemantada
[2023-05-11T13:22:19.861] [WARN] default - Ruta: /favicon.ico, metodo: GET no implemantada
[2023-05-11T13:22:28.405] [WARN] default - Ruta: /images/favicon.ico, metodo: GET no implemantada
[2023-05-11T13:22:37.398] [WARN] default - Ruta: /images/favicon.ico, metodo: GET no implemantada
[2023-05-11T13:57:37.695] [WARN] default - Ruta: /info/info/:Error%20al%20intentar%20cerrar%20la%20session%20de%20usuario., método: GET no implementada
[2023-05-11T13:57:44.307] [WARN] default - Ruta: /info/info/:Error%20al%20intentar%20cerrar%20la%20session%20de%20usuario., método: GET no implementada
[2023-05-11T13:58:12.979] [WARN] default - Ruta: /info/info/:Error%20al%20intentar%20cerrar%20la%20session%20de%20usuario., método: GET no implementada
[2023-05-11T13:58:19.437] [WARN] default - Ruta: /info/info/:Error%20al%20intentar%20cerrar%20la%20session%20de%20usuario., método: GET no implementada
[2023-05-11T13:59:20.806] [WARN] default - Ruta: /info/info/:Error%20al%20intentar%20cerrar%20la%20session%20de%20usuario., método: GET no implementada
[2023-05-11T13:59:41.508] [WARN] default - Ruta: /info/info/:Error%20al%20intentar%20cerrar%20la%20session%20de%20usuario., método: GET no implementada
[2023-05-11T14:00:17.473] [WARN] default - Ruta: /info/info/:Error%20al%20intentar%20cerrar%20la%20session%20de%20usuario., método: GET no implementada
[2023-05-11T14:00:53.502] [WARN] default - Ruta: /info/info/:Error%20al%20intentar%20cerrar%20la%20session%20de%20usuario., método: GET no implementada
[2023-05-11T14:00:55.526] [WARN] default - Ruta: /info/info/:Error%20al%20intentar%20cerrar%20la%20session%20de%20usuario., método: GET no implementada
[2023-05-11T14:00:58.471] [WARN] default - Ruta: /info/info/:Error%20al%20intentar%20cerrar%20la%20session%20de%20usuario., método: GET no implementada
[2023-05-11T14:01:34.825] [WARN] default - Ruta: /:Error%20al%20intentar%20cerrar%20la%20session%20de%20usuario., método: GET no implementada
[2023-05-11T14:01:56.996] [WARN] default - Ruta: /:Error%20al%20intentar%20cerrar%20la%20session%20de%20usuario., método: GET no implementada
[2023-05-12T10:49:14.254] [WARN] default - Ruta: /undefined, método: GET no implementada
[2023-05-12T10:49:37.562] [WARN] default - Ruta: /undefined, método: GET no implementada
[2023-05-12T12:22:16.166] [WARN] default - Error: CastError: Cast to number failed for value "undefined" (type undefined) at path "products.$" al intentar agregar el producto al carrito.
[2023-05-12T12:22:17.538] [WARN] default - Error: CastError: Cast to number failed for value "undefined" (type undefined) at path "products.$" al intentar agregar el producto al carrito.
[2023-05-12T12:23:09.803] [WARN] default - Error: CastError: Cast to number failed for value "undefined" (type undefined) at path "products.$" al intentar agregar el producto al carrito.
[2023-05-12T12:23:39.532] [WARN] default - Error: CastError: Cast to number failed for value "undefined" (type undefined) at path "products.$" al intentar agregar el producto al carrito.
[2023-05-12T12:24:48.688] [WARN] default - Error: CastError: Cast to number failed for value "undefined" (type undefined) at path "products.$" al intentar agregar el producto al carrito.
[2023-05-12T12:25:07.029] [WARN] default - Error: CastError: Cast to number failed for value "undefined" (type undefined) at path "products.$" al intentar agregar el producto al carrito.
[2023-05-12T12:25:14.338] [WARN] default - Error: CastError: Cast to number failed for value "undefined" (type undefined) at path "products.$" al intentar agregar el producto al carrito.
[2023-05-12T12:27:02.909] [WARN] default - Error: CastError: Cast to number failed for value "undefined" (type undefined) at path "products.$" al intentar agregar el producto al carrito.
[2023-05-12T12:27:39.603] [WARN] default - Error: MongoServerError: Cannot increment with non-numeric argument: {products.$.number: "1"} al intentar agregar el producto al carrito.
[2023-05-12T12:49:33.061] [WARN] default - Ruta: /api/chat/brigitte@bardot.com, método: GET no implementada
[2023-05-12T12:59:35.477] [WARN] default - Error: Error: Request failed with status code 401 al intentar agregar el mensaje.
[2023-05-12T13:02:24.027] [WARN] default - Error: Error: Request failed with status code 401 al intentar agregar el mensaje.
[2023-05-12T13:02:38.056] [WARN] default - Error: Error: Request failed with status code 401 al intentar agregar el mensaje.
[2023-05-12T13:03:26.357] [WARN] default - Ruta: /api/chat/brigitte@bardot.com, método: GET no implementada
[2023-05-12T13:05:43.028] [ERROR] default - Error starting server: TypeError: Router.use() requires a middleware function but got a Object
[2023-05-12T13:07:08.877] [ERROR] default - Error starting server: TypeError: Router.use() requires a middleware function but got a Object
[2023-05-12T13:08:01.930] [ERROR] default - Error starting server: TypeError: Router.use() requires a middleware function but got a Object
[2023-05-12T13:08:30.218] [ERROR] default - Error starting server: TypeError: Router.use() requires a middleware function but got a Object
[2023-05-12T13:13:27.435] [ERROR] default - Error starting server: TypeError: Router.use() requires a middleware function but got a Object
[2023-05-12T13:14:17.899] [ERROR] default - Error starting server: TypeError: Router.use() requires a middleware function but got a Object
[2023-05-12T13:15:02.523] [ERROR] default - Error starting server: TypeError: Router.use() requires a middleware function but got a Object
[2023-05-12T13:16:17.532] [ERROR] default - Error starting server: TypeError: Router.use() requires a middleware function but got a Object
[2023-05-12T13:16:27.811] [ERROR] default - Error starting server: TypeError: Router.use() requires a middleware function but got a Object
[2023-05-15T08:09:38.582] [WARN] default - Error: Error: Request failed with status code 401 al intentar agregar el mensaje.
